<?xml version="1.0" encoding="UTF-8"?>
<!-- Generated by org.testng.reporters.JUnitXMLReporter -->
<testsuite hostname="DS-SYS-SPM-LT1" ignored="0" name="1" tests="5" failures="0" timestamp="24 Aug 2017 14:27:07 GMT" time="20.9" errors="0">
  <testcase name="LaunchWebsite" time="5.429" classname="clientZone.CashOpsManualTransactions"/>
  <testcase name="FillLoginDetails" time="0.776" classname="clientZone.CashOpsManualTransactions"/>
  <testcase name="DoLogin" time="4.076" classname="clientZone.CashOpsManualTransactions"/>
  <testcase name="UsersTab" time="1.433" classname="clientZone.CashOpsManualTransactions"/>
  <testcase name="SearchTrans" time="6.273" classname="clientZone.CashOpsManualTransactions"/>
</testsuite> <!-- 1 -->
