<?xml version="1.0" encoding="UTF-8"?>
<testng-results skipped="0" failed="0" ignored="0" total="3" passed="3">
  <reporter-output>
  </reporter-output>
  <suite name="Default suite" duration-ms="17933" started-at="2017-07-25T13:29:52Z" finished-at="2017-07-25T13:30:10Z">
    <groups>
    </groups>
    <test name="Default test" duration-ms="17933" started-at="2017-07-25T13:29:52Z" finished-at="2017-07-25T13:30:10Z">
      <class name="eCommerceProject.SaveTestNGResultToExcel">
        <test-method status="PASS" signature="suiteSetUp()[pri:0, instance:eCommerceProject.SaveTestNGResultToExcel@59f99ea]" name="suiteSetUp" is-config="true" duration-ms="3217" started-at="2017-07-25T15:29:52Z" finished-at="2017-07-25T15:29:55Z">
          <reporter-output>
          </reporter-output>
        </test-method> <!-- suiteSetUp -->
        <test-method status="PASS" signature="LaunchWebsite()[pri:1, instance:eCommerceProject.SaveTestNGResultToExcel@59f99ea]" name="LaunchWebsite" duration-ms="6662" started-at="2017-07-25T15:29:55Z" description="Opens the TestNG Demo Website for Login Test" finished-at="2017-07-25T15:30:02Z">
          <reporter-output>
          </reporter-output>
        </test-method> <!-- LaunchWebsite -->
        <test-method status="PASS" signature="FillLoginDetails()[pri:2, instance:eCommerceProject.SaveTestNGResultToExcel@59f99ea]" name="FillLoginDetails" duration-ms="1369" started-at="2017-07-25T15:30:02Z" description="Fill the Login Details" finished-at="2017-07-25T15:30:03Z">
          <reporter-output>
          </reporter-output>
        </test-method> <!-- FillLoginDetails -->
        <test-method status="PASS" signature="DoLogin()[pri:3, instance:eCommerceProject.SaveTestNGResultToExcel@59f99ea]" name="DoLogin" duration-ms="5401" started-at="2017-07-25T15:30:03Z" description="Perform Login" finished-at="2017-07-25T15:30:09Z">
          <reporter-output>
          </reporter-output>
        </test-method> <!-- DoLogin -->
        <test-method status="PASS" signature="suiteTearDown()[pri:0, instance:eCommerceProject.SaveTestNGResultToExcel@59f99ea]" name="suiteTearDown" is-config="true" duration-ms="1258" started-at="2017-07-25T15:30:09Z" finished-at="2017-07-25T15:30:10Z">
          <reporter-output>
          </reporter-output>
        </test-method> <!-- suiteTearDown -->
      </class> <!-- eCommerceProject.SaveTestNGResultToExcel -->
    </test> <!-- Default test -->
  </suite> <!-- Default suite -->
</testng-results>
