<?xml version="1.0" encoding="UTF-8"?>
<testsuite hostname="DS-SYS-SPM-LT1" name="com.g4s.com.g4s.scb.CashOpsManualTransactions03" tests="7" failures="1" timestamp="31 Aug 2017 07:28:07 GMT" time="26.238" errors="0">
  <testcase name="LaunchWebsite" time="8.362" classname="com.g4s.com.g4s.scb.CashOpsManualTransactions03"/>
  <testcase name="FillLoginDetails" time="0.598" classname="com.g4s.com.g4s.scb.CashOpsManualTransactions03"/>
  <testcase name="DoLogin" time="1.786" classname="com.g4s.com.g4s.scb.CashOpsManualTransactions03"/>
  <testcase name="UsersTab" time="1.023" classname="com.g4s.com.g4s.scb.CashOpsManualTransactions03"/>
  <testcase name="SearchTrans" time="4.475" classname="com.g4s.com.g4s.scb.CashOpsManualTransactions03"/>
  <testcase name="authorize03" time="7.009" classname="com.g4s.com.g4s.scb.CashOpsManualTransactions03">
    <failure type="java.lang.AssertionError" message="expected:&amp;lt;true&amp;gt; but was:&amp;lt;false&amp;gt;">
        <![CDATA[java.lang.AssertionError: expected:<true> but was:<false>
	at com.g4s.com.g4s.scb.CashOpsManualTransactions03.authorize03(CashOpsManualTransactions03.java:341)
	at com.g4s.com.g4s.scb.ManualTransactions.main(ManualTransactions.java:28)
	at com.intellij.rt.execution.application.AppMain.main(AppMain.java:134)
... Removed 30 stack frames]]>
    </failure>
  </testcase>
  <testcase name="incrementValues" time="0.001" classname="com.g4s.com.g4s.scb.CashOpsManualTransactions03"/>
</testsuite>
