<?xml version="1.0" encoding="UTF-8"?>
<testng-results skipped="0" failed="0" total="13" passed="13">
  <reporter-output>
  </reporter-output>
  <suite name="Autopax Manual Transactions" duration-ms="55713" started-at="2017-10-16T13:14:27Z" finished-at="2017-10-16T13:15:22Z">
    <groups>
    </groups>
    <test name="1" duration-ms="29257" started-at="2017-10-16T13:14:27Z" finished-at="2017-10-16T13:14:56Z">
      <class name="org.deposita.autoPax.CashOpsManualTransactions01">
        <test-method status="PASS" signature="suiteSetUp()" name="suiteSetUp" is-config="true" duration-ms="3600" started-at="2017-10-16T13:14:27Z" finished-at="2017-10-16T13:14:30Z">
        </test-method>
        <test-method status="PASS" signature="LaunchWebsite()" name="LaunchWebsite" duration-ms="5616" started-at="2017-10-16T13:14:30Z" description="Opens the CashOps Manual Transactions URL" finished-at="2017-10-16T13:14:36Z">
        </test-method>
        <test-method status="PASS" signature="tearDown(org.testng.ITestResult)" name="tearDown" is-config="true" duration-ms="0" started-at="2017-10-16T13:14:36Z" finished-at="2017-10-16T13:14:36Z">
          <params>
            <param index="0">
              <value>
                <![CDATA[[TestResult: LaunchWebsite STATUS:SUCCESS METHOD:org.deposita.autoPax.CashOpsManualTransactions01.LaunchWebsite()]
]]>
              </value>
            </param>
          </params>
        </test-method>
        <test-method status="PASS" signature="FillLoginDetails()" name="FillLoginDetails" duration-ms="844" started-at="2017-10-16T13:14:36Z" description="Fill the Login Details" finished-at="2017-10-16T13:14:37Z">
        </test-method>
        <test-method status="PASS" signature="DoLogin()" name="DoLogin" duration-ms="4171" started-at="2017-10-16T13:14:37Z" description="Perform Login" finished-at="2017-10-16T13:14:41Z">
        </test-method>
        <test-method status="PASS" signature="tearDown(org.testng.ITestResult)" name="tearDown" is-config="true" duration-ms="0" started-at="2017-10-16T13:14:37Z" finished-at="2017-10-16T13:14:37Z">
          <params>
            <param index="0">
              <value>
                <![CDATA[[TestResult: FillLoginDetails STATUS:SUCCESS METHOD:org.deposita.autoPax.CashOpsManualTransactions01.FillLoginDetails()]
]]>
              </value>
            </param>
          </params>
        </test-method>
        <test-method status="PASS" signature="UsersTab()" name="UsersTab" duration-ms="2857" started-at="2017-10-16T13:14:41Z" description="Fill in Transactions Details" finished-at="2017-10-16T13:14:44Z">
        </test-method>
        <test-method status="PASS" signature="tearDown(org.testng.ITestResult)" name="tearDown" is-config="true" duration-ms="0" started-at="2017-10-16T13:14:41Z" finished-at="2017-10-16T13:14:41Z">
          <params>
            <param index="0">
              <value>
                <![CDATA[[TestResult: DoLogin STATUS:SUCCESS METHOD:org.deposita.autoPax.CashOpsManualTransactions01.DoLogin()]
]]>
              </value>
            </param>
          </params>
        </test-method>
        <test-method status="PASS" signature="tearDown(org.testng.ITestResult)" name="tearDown" is-config="true" duration-ms="0" started-at="2017-10-16T13:14:44Z" finished-at="2017-10-16T13:14:44Z">
          <params>
            <param index="0">
              <value>
                <![CDATA[[TestResult: UsersTab STATUS:SUCCESS METHOD:org.deposita.autoPax.CashOpsManualTransactions01.UsersTab()]
]]>
              </value>
            </param>
          </params>
        </test-method>
        <test-method status="PASS" signature="SearchTrans()" name="SearchTrans" duration-ms="6129" started-at="2017-10-16T13:14:44Z" description="Search for Transactions Details" finished-at="2017-10-16T13:14:50Z">
        </test-method>
        <test-method status="PASS" signature="tearDown(org.testng.ITestResult)" name="tearDown" is-config="true" duration-ms="0" started-at="2017-10-16T13:14:50Z" finished-at="2017-10-16T13:14:50Z">
          <params>
            <param index="0">
              <value>
                <![CDATA[[TestResult: SearchTrans STATUS:SUCCESS METHOD:org.deposita.autoPax.CashOpsManualTransactions01.SearchTrans()]
]]>
              </value>
            </param>
          </params>
        </test-method>
        <test-method status="PASS" signature="authorize01()" name="authorize01" duration-ms="5251" started-at="2017-10-16T13:14:50Z" description="Authorize 01 transactions" finished-at="2017-10-16T13:14:55Z">
        </test-method>
        <test-method status="PASS" signature="tearDown(org.testng.ITestResult)" name="tearDown" is-config="true" duration-ms="0" started-at="2017-10-16T13:14:55Z" finished-at="2017-10-16T13:14:55Z">
          <params>
            <param index="0">
              <value>
                <![CDATA[[TestResult: authorize01 STATUS:SUCCESS METHOD:org.deposita.autoPax.CashOpsManualTransactions01.authorize01()]
]]>
              </value>
            </param>
          </params>
        </test-method>
        <test-method status="PASS" signature="suiteTearDown()" name="suiteTearDown" is-config="true" duration-ms="788" started-at="2017-10-16T13:14:55Z" finished-at="2017-10-16T13:14:56Z">
        </test-method>
      </class>
    </test>
    <test name="2" duration-ms="26445" started-at="2017-10-16T13:14:56Z" finished-at="2017-10-16T13:15:22Z">
      <class name="org.deposita.autoPax.CashOpsManualTransactions03">
        <test-method status="PASS" signature="suiteSetUp()" name="suiteSetUp" is-config="true" duration-ms="4298" started-at="2017-10-16T13:14:56Z" finished-at="2017-10-16T13:15:00Z">
        </test-method>
        <test-method status="PASS" signature="LaunchWebsite()" name="LaunchWebsite" duration-ms="6871" started-at="2017-10-16T13:15:00Z" description="Opens the CashOps Manual Transactions URL" finished-at="2017-10-16T13:15:07Z">
        </test-method>
        <test-method status="PASS" signature="tearDown(org.testng.ITestResult)" name="tearDown" is-config="true" duration-ms="0" started-at="2017-10-16T13:15:07Z" finished-at="2017-10-16T13:15:07Z">
          <params>
            <param index="0">
              <value>
                <![CDATA[[TestResult: LaunchWebsite STATUS:SUCCESS METHOD:org.deposita.autoPax.CashOpsManualTransactions03.LaunchWebsite()]
]]>
              </value>
            </param>
          </params>
        </test-method>
        <test-method status="PASS" signature="FillLoginDetails()" name="FillLoginDetails" duration-ms="767" started-at="2017-10-16T13:15:07Z" description="Fill the Login Details" finished-at="2017-10-16T13:15:08Z">
        </test-method>
        <test-method status="PASS" signature="DoLogin()" name="DoLogin" duration-ms="1995" started-at="2017-10-16T13:15:08Z" description="Perform Login" finished-at="2017-10-16T13:15:10Z">
        </test-method>
        <test-method status="PASS" signature="tearDown(org.testng.ITestResult)" name="tearDown" is-config="true" duration-ms="0" started-at="2017-10-16T13:15:08Z" finished-at="2017-10-16T13:15:08Z">
          <params>
            <param index="0">
              <value>
                <![CDATA[[TestResult: FillLoginDetails STATUS:SUCCESS METHOD:org.deposita.autoPax.CashOpsManualTransactions03.FillLoginDetails()]
]]>
              </value>
            </param>
          </params>
        </test-method>
        <test-method status="PASS" signature="UsersTab()" name="UsersTab" duration-ms="1417" started-at="2017-10-16T13:15:10Z" description="Fill in Transactions Details" finished-at="2017-10-16T13:15:11Z">
        </test-method>
        <test-method status="PASS" signature="tearDown(org.testng.ITestResult)" name="tearDown" is-config="true" duration-ms="0" started-at="2017-10-16T13:15:10Z" finished-at="2017-10-16T13:15:10Z">
          <params>
            <param index="0">
              <value>
                <![CDATA[[TestResult: DoLogin STATUS:SUCCESS METHOD:org.deposita.autoPax.CashOpsManualTransactions03.DoLogin()]
]]>
              </value>
            </param>
          </params>
        </test-method>
        <test-method status="PASS" signature="SearchTrans()" name="SearchTrans" duration-ms="6475" started-at="2017-10-16T13:15:11Z" description="Search for Transactions Details" finished-at="2017-10-16T13:15:18Z">
        </test-method>
        <test-method status="PASS" signature="tearDown(org.testng.ITestResult)" name="tearDown" is-config="true" duration-ms="0" started-at="2017-10-16T13:15:11Z" finished-at="2017-10-16T13:15:11Z">
          <params>
            <param index="0">
              <value>
                <![CDATA[[TestResult: UsersTab STATUS:SUCCESS METHOD:org.deposita.autoPax.CashOpsManualTransactions03.UsersTab()]
]]>
              </value>
            </param>
          </params>
        </test-method>
        <test-method status="PASS" signature="authorize05()" name="authorize05" duration-ms="4260" started-at="2017-10-16T13:15:18Z" description="Authorize 05 transactions" finished-at="2017-10-16T13:15:22Z">
        </test-method>
        <test-method status="PASS" signature="tearDown(org.testng.ITestResult)" name="tearDown" is-config="true" duration-ms="0" started-at="2017-10-16T13:15:18Z" finished-at="2017-10-16T13:15:18Z">
          <params>
            <param index="0">
              <value>
                <![CDATA[[TestResult: SearchTrans STATUS:SUCCESS METHOD:org.deposita.autoPax.CashOpsManualTransactions03.SearchTrans()]
]]>
              </value>
            </param>
          </params>
        </test-method>
        <test-method status="PASS" signature="incrementValues()" name="incrementValues" duration-ms="1" started-at="2017-10-16T13:15:22Z" description="Increment values for Canister and Seal Number" finished-at="2017-10-16T13:15:22Z">
        </test-method>
        <test-method status="PASS" signature="tearDown(org.testng.ITestResult)" name="tearDown" is-config="true" duration-ms="0" started-at="2017-10-16T13:15:22Z" finished-at="2017-10-16T13:15:22Z">
          <params>
            <param index="0">
              <value>
                <![CDATA[[TestResult: authorize05 STATUS:SUCCESS METHOD:org.deposita.autoPax.CashOpsManualTransactions03.authorize05()]
]]>
              </value>
            </param>
          </params>
        </test-method>
        <test-method status="PASS" signature="suiteTearDown()" name="suiteTearDown" is-config="true" duration-ms="359" started-at="2017-10-16T13:15:22Z" finished-at="2017-10-16T13:15:22Z">
        </test-method>
        <test-method status="PASS" signature="tearDown(org.testng.ITestResult)" name="tearDown" is-config="true" duration-ms="0" started-at="2017-10-16T13:15:22Z" finished-at="2017-10-16T13:15:22Z">
          <params>
            <param index="0">
              <value>
                <![CDATA[[TestResult: incrementValues STATUS:SUCCESS METHOD:org.deposita.autoPax.CashOpsManualTransactions03.incrementValues()]
]]>
              </value>
            </param>
          </params>
        </test-method>
      </class>
    </test>
  </suite>
</testng-results>
