<?xml version="1.0" encoding="UTF-8"?>
<!-- Generated by org.testng.reporters.JUnitXMLReporter -->
<testsuite hostname="DS-SYS-SPM-LT1" ignored="0" name="Add Card Admin" tests="6" failures="0" timestamp="14 Aug 2017 12:22:06 GMT" time="125.033" errors="0">
  <testcase name="LaunchWebsite" time="12.222" classname="clientZone.AddUserjava"/>
  <testcase name="FillLoginDetails" time="5.667" classname="clientZone.AddUserjava"/>
  <testcase name="DoLogin" time="10.745" classname="clientZone.AddUserjava"/>
  <testcase name="UsersTab" time="3.936" classname="clientZone.AddUserjava"/>
  <testcase name="AddUserTab" time="3.731" classname="clientZone.AddUserjava"/>
  <testcase name="FillInUserDetails" time="16.205" classname="clientZone.AddUserjava"/>
</testsuite> <!-- Add Card Admin -->
