<?xml version="1.0" encoding="UTF-8"?>
<!-- Generated by org.testng.reporters.JUnitXMLReporter -->
<testsuite hostname="DS-SYS-SPM-LT1" ignored="0" name="Log in with a New User" tests="6" failures="0" timestamp="14 Aug 2017 12:23:01 GMT" time="54.475" errors="0">
  <testcase name="LaunchWebsite" time="15.071" classname="clientZone.VerifyCardAdministatorRoles"/>
  <testcase name="FillLoginFirstTimeDetails" time="5.705" classname="clientZone.VerifyCardAdministatorRoles"/>
  <testcase name="DoFirstTimeLogin" time="3.561" classname="clientZone.VerifyCardAdministatorRoles"/>
  <testcase name="ChangePassword" time="9.389" classname="clientZone.VerifyCardAdministatorRoles"/>
  <testcase name="FillLoginSecondTimeDetails" time="4.841" classname="clientZone.VerifyCardAdministatorRoles"/>
  <testcase name="DoSecondTimeLogin" time="5.933" classname="clientZone.VerifyCardAdministatorRoles"/>
</testsuite> <!-- Log in with a New User -->
