<?xml version="1.0" encoding="UTF-8"?>
<!-- Generated by org.testng.reporters.JUnitXMLReporter -->
<testsuite hostname="DS-SYS-SPM-LT1" ignored="0" name="Add Card Admin" tests="6" failures="0" timestamp="26 Jul 2017 11:08:58 GMT" time="27.733" errors="0">
  <testcase name="LaunchWebsite" time="5.603" classname="clientZone.AddUserjava"/>
  <testcase name="FillLoginDetails" time="2.099" classname="clientZone.AddUserjava"/>
  <testcase name="DoLogin" time="1.913" classname="clientZone.AddUserjava"/>
  <testcase name="UsersTab" time="1.448" classname="clientZone.AddUserjava"/>
  <testcase name="AddUserTab" time="1.423" classname="clientZone.AddUserjava"/>
  <testcase name="FillInUserDetails" time="5.258" classname="clientZone.AddUserjava"/>
</testsuite> <!-- Add Card Admin -->
