<?xml version="1.0" encoding="UTF-8"?>
<!-- Generated by org.testng.reporters.JUnitXMLReporter -->
<testsuite hostname="DS-SYS-SPM-LT1" ignored="0" name="Log in with a New User" tests="4" failures="1" timestamp="26 Jul 2017 11:09:20 GMT" time="22.436" errors="0">
  <testcase name="LaunchWebsite" time="6.844" classname="clientZone.VerifyCardAdministatorRoles"/>
  <testcase name="FillLoginDetails" time="3.211" classname="clientZone.VerifyCardAdministatorRoles"/>
  <testcase name="DoLogin" time="2.558" classname="clientZone.VerifyCardAdministatorRoles"/>
  <testcase name="ChangePassword" time="5.511" classname="clientZone.VerifyCardAdministatorRoles">
    <failure type="java.lang.AssertionError" message="expected:&amp;lt;G4S Deposita - User details&amp;gt; but was:&amp;lt;G4S Deposita - Dashboards&amp;gt;">
      <![CDATA[java.lang.AssertionError: expected:<G4S Deposita - User details> but was:<G4S Deposita - Dashboards>
	at clientZone.VerifyCardAdministatorRoles.ChangePassword(VerifyCardAdministatorRoles.java:163)
	at java.util.concurrent.FutureTask.run(Unknown Source)
	at java.util.concurrent.ThreadPoolExecutor.runWorker(Unknown Source)
	at java.util.concurrent.ThreadPoolExecutor$Worker.run(Unknown Source)
	at java.lang.Thread.run(Unknown Source)
... Removed 18 stack frames]]>
    </failure>
  </testcase> <!-- ChangePassword -->
</testsuite> <!-- Log in with a New User -->
